<?xml version="1.0" encoding="UTF-8"?>
<!-- Generated by org.testng.reporters.JUnitXMLReporter -->
<testsuite hostname="DESKTOP-VJUL4D6" ignored="3" name="IE" tests="10" failures="1" timestamp="09 Jan 2021 08:08:47 GMT" time="0.3" errors="0">
  <testcase name="regression" time="0.025" classname="org.test.execution.HomePageExe"/>
  <testcase name="regression" time="0.029" classname="org.test.execution.HomePageExe"/>
  <testcase name="executeo420" time="0.011" classname="org.test.execution.HomePageExe2">
    <skipped/>
  </testcase> <!-- executeo420 -->
  <testcase name="executeo420" time="0.003" classname="org.test.execution.HomePageExe2">
    <skipped/>
  </testcase> <!-- executeo420 -->
  <testcase name="executeo420" time="0.004" classname="org.test.execution.HomePageExe2">
    <skipped/>
  </testcase> <!-- executeo420 -->
  <testcase name="executeo420" time="0.007" classname="org.test.execution.HomePageExe2">
    <skipped/>
  </testcase> <!-- executeo420 -->
  <testcase name="executeo420" time="0.009" classname="org.test.execution.HomePageExe2">
    <skipped/>
  </testcase> <!-- executeo420 -->
  <testcase name="executeo420" time="0.001" classname="org.test.execution.HomePageExe2">
    <failure type="java.lang.AssertionError" message="expected [true] but found [false]">
      <![CDATA[java.lang.AssertionError: expected [true] but found [false]
at org.test.execution.HomePageExe2.executeo420(HomePageExe2.java:35)
... Removed 29 stack frames]]>
    </failure>
  </testcase> <!-- executeo420 -->
  <testcase name="regression1" time="0.009" classname="org.test.execution.HomePageExe2"/>
  <testcase name="regression1" time="0.01" classname="org.test.execution.HomePageExe2"/>
  <testcase name="sanity" time="0.0" classname="org.test.execution.HomePageExe">
    <ignored/>
  </testcase> <!-- sanity -->
  <testcase name="executeo0" time="0.0" classname="org.test.execution.HomePageExe2">
    <ignored/>
  </testcase> <!-- executeo0 -->
  <testcase name="smoke" time="0.0" classname="org.test.execution.HomePageExe">
    <ignored/>
  </testcase> <!-- smoke -->
</testsuite> <!-- IE -->
